TN:
SF:controllers\student.js
FN:6,(anonymous_0)
FN:23,(anonymous_1)
FN:40,(anonymous_2)
FN:42,(anonymous_3)
FN:55,(anonymous_4)
FN:61,(anonymous_5)
FN:79,(anonymous_6)
FN:91,(anonymous_7)
FN:112,(anonymous_8)
FN:118,(anonymous_9)
FNF:10
FNH:10
FNDA:3,(anonymous_0)
FNDA:1,(anonymous_1)
FNDA:1,(anonymous_2)
FNDA:1,(anonymous_3)
FNDA:3,(anonymous_4)
FNDA:2,(anonymous_5)
FNDA:3,(anonymous_6)
FNDA:2,(anonymous_7)
FNDA:3,(anonymous_8)
FNDA:2,(anonymous_9)
DA:1,1
DA:6,1
DA:7,3
DA:9,3
DA:10,2
DA:15,1
DA:21,1
DA:23,1
DA:24,1
DA:25,0
DA:29,1
DA:40,1
DA:41,1
DA:42,1
DA:43,1
DA:44,0
DA:48,1
DA:55,1
DA:56,3
DA:57,3
DA:58,1
DA:60,2
DA:61,2
DA:62,2
DA:63,0
DA:67,2
DA:68,1
DA:72,1
DA:79,1
DA:80,3
DA:81,3
DA:83,3
DA:84,1
DA:90,2
DA:91,2
DA:92,2
DA:93,0
DA:97,2
DA:98,1
DA:102,1
DA:112,1
DA:113,3
DA:114,3
DA:115,1
DA:117,2
DA:118,2
DA:119,2
DA:120,0
DA:124,2
DA:125,1
DA:129,1
DA:136,1
LF:52
LH:47
BRDA:9,0,0,2
BRDA:9,0,1,1
BRDA:9,1,0,3
BRDA:9,1,1,2
BRDA:9,1,2,2
BRDA:9,1,3,1
BRDA:24,2,0,0
BRDA:24,2,1,1
BRDA:43,3,0,0
BRDA:43,3,1,1
BRDA:57,4,0,1
BRDA:57,4,1,2
BRDA:62,5,0,0
BRDA:62,5,1,2
BRDA:67,6,0,1
BRDA:67,6,1,1
BRDA:83,7,0,1
BRDA:83,7,1,2
BRDA:83,8,0,3
BRDA:83,8,1,3
BRDA:83,8,2,3
BRDA:83,8,3,3
BRDA:83,8,4,2
BRDA:92,9,0,0
BRDA:92,9,1,2
BRDA:97,10,0,1
BRDA:97,10,1,1
BRDA:114,11,0,1
BRDA:114,11,1,2
BRDA:119,12,0,0
BRDA:119,12,1,2
BRDA:124,13,0,1
BRDA:124,13,1,1
BRF:33
BRH:28
end_of_record
TN:
SF:db\connect.js
FN:11,(anonymous_0)
FNF:1
FNH:1
FNDA:1,(anonymous_0)
DA:1,1
DA:4,1
DA:11,1
DA:12,1
DA:13,0
DA:15,1
DA:19,1
LF:7
LH:6
BRDA:12,0,0,0
BRDA:12,0,1,1
BRF:2
BRH:1
end_of_record
